<?xml version="1.0" encoding="UTF-8"?>
<testng-results ignored="0" total="2" passed="0" failed="0" skipped="2">
  <reporter-output>
  </reporter-output>
  <suite started-at="2024-08-29T15:22:27 IST" name="Suite" finished-at="2024-08-29T15:22:47 IST" duration-ms="19848">
    <groups>
    </groups>
    <test started-at="2024-08-29T15:22:27 IST" name="Test1" finished-at="2024-08-29T15:22:39 IST" duration-ms="12034">
      <class name="com.assignment7.TestngParameterFB">
        <test-method is-config="true" signature="before()[pri:0, instance:com.assignment7.TestngParameterFB@6150c3ec]" started-at="2024-08-29T15:22:27 IST" name="before" finished-at="2024-08-29T15:22:39 IST" duration-ms="11918" status="FAIL">
          <exception class="org.openqa.selenium.SessionNotCreatedException">
            <message>
              <![CDATA[session not created: This version of Microsoft Edge WebDriver only supports Microsoft Edge version 126
Current browser version is 128.0.2739.42 with binary path C:\Program Files (x86)\Microsoft\Edge\Application\msedge.exe
Build info: version: '3.141.0', revision: '2ecb7d9a', time: '2018-10-31T20:09:30'
System info: host: 'LAPTOP-425OC920', ip: '192.168.1.85', os.name: 'Windows 10', os.arch: 'amd64', os.version: '10.0', java.version: '18.0.1.1'
Driver info: driver.version: EdgeDriver
remote stacktrace: GetHandleVerifier [0x00007FF740E28132+13538]
Microsoft::Applications::Events::EventProperty::~EventProperty [0x00007FF740DB1DE9+595465]
(No symbol) [0x00007FF740BCE6CF]
(No symbol) [0x00007FF740C03ECB]
(No symbol) [0x00007FF740C03436]
(No symbol) [0x00007FF740BFD8CB]
(No symbol) [0x00007FF740BFA0F3]
(No symbol) [0x00007FF740C3BE27]
(No symbol) [0x00007FF740C31C63]
(No symbol) [0x00007FF740C0766E]
(No symbol) [0x00007FF740C0683C]
(No symbol) [0x00007FF740C07221]
Microsoft::Applications::Events::EventProperty::to_string [0x00007FF740FE96D4+1099860]
Microsoft::Applications::Events::EventProperty::~EventProperty [0x00007FF740D2D8FC+53532]
Microsoft::Applications::Events::EventProperty::~EventProperty [0x00007FF740D20E25+1605]
Microsoft::Applications::Events::EventProperty::to_string [0x00007FF740FE8665+1095653]
Microsoft::Applications::Events::ILogConfiguration::operator* [0x00007FF740DBC961+27777]
Microsoft::Applications::Events::ILogConfiguration::operator* [0x00007FF740DB6CE4+4100]
Microsoft::Applications::Events::ILogConfiguration::operator* [0x00007FF740DB6E1B+4411]
Microsoft::Applications::Events::EventProperty::~EventProperty [0x00007FF740DACFA0+575424]
BaseThreadInitThunk [0x00007FFBA7397374+20]
RtlUserThreadStart [0x00007FFBA88DCC91+33]
]]>
            </message>
            <full-stacktrace>
              <![CDATA[org.openqa.selenium.SessionNotCreatedException: session not created: This version of Microsoft Edge WebDriver only supports Microsoft Edge version 126
Current browser version is 128.0.2739.42 with binary path C:\Program Files (x86)\Microsoft\Edge\Application\msedge.exe
Build info: version: '3.141.0', revision: '2ecb7d9a', time: '2018-10-31T20:09:30'
System info: host: 'LAPTOP-425OC920', ip: '192.168.1.85', os.name: 'Windows 10', os.arch: 'amd64', os.version: '10.0', java.version: '18.0.1.1'
Driver info: driver.version: EdgeDriver
remote stacktrace: GetHandleVerifier [0x00007FF740E28132+13538]
Microsoft::Applications::Events::EventProperty::~EventProperty [0x00007FF740DB1DE9+595465]
(No symbol) [0x00007FF740BCE6CF]
(No symbol) [0x00007FF740C03ECB]
(No symbol) [0x00007FF740C03436]
(No symbol) [0x00007FF740BFD8CB]
(No symbol) [0x00007FF740BFA0F3]
(No symbol) [0x00007FF740C3BE27]
(No symbol) [0x00007FF740C31C63]
(No symbol) [0x00007FF740C0766E]
(No symbol) [0x00007FF740C0683C]
(No symbol) [0x00007FF740C07221]
Microsoft::Applications::Events::EventProperty::to_string [0x00007FF740FE96D4+1099860]
Microsoft::Applications::Events::EventProperty::~EventProperty [0x00007FF740D2D8FC+53532]
Microsoft::Applications::Events::EventProperty::~EventProperty [0x00007FF740D20E25+1605]
Microsoft::Applications::Events::EventProperty::to_string [0x00007FF740FE8665+1095653]
Microsoft::Applications::Events::ILogConfiguration::operator* [0x00007FF740DBC961+27777]
Microsoft::Applications::Events::ILogConfiguration::operator* [0x00007FF740DB6CE4+4100]
Microsoft::Applications::Events::ILogConfiguration::operator* [0x00007FF740DB6E1B+4411]
Microsoft::Applications::Events::EventProperty::~EventProperty [0x00007FF740DACFA0+575424]
BaseThreadInitThunk [0x00007FFBA7397374+20]
RtlUserThreadStart [0x00007FFBA88DCC91+33]

at java.base/jdk.internal.reflect.DirectConstructorHandleAccessor.newInstance(DirectConstructorHandleAccessor.java:67)
at java.base/java.lang.reflect.Constructor.newInstanceWithCaller(Constructor.java:499)
at java.base/java.lang.reflect.Constructor.newInstance(Constructor.java:483)
at org.openqa.selenium.remote.W3CHandshakeResponse.lambda$errorHandler$0(W3CHandshakeResponse.java:62)
at org.openqa.selenium.remote.HandshakeResponse.lambda$getResponseFunction$0(HandshakeResponse.java:30)
at org.openqa.selenium.remote.ProtocolHandshake.lambda$createSession$0(ProtocolHandshake.java:123)
at java.base/java.util.stream.ReferencePipeline$3$1.accept(ReferencePipeline.java:197)
at java.base/java.util.Spliterators$ArraySpliterator.tryAdvance(Spliterators.java:1002)
at java.base/java.util.stream.ReferencePipeline.forEachWithCancel(ReferencePipeline.java:129)
at java.base/java.util.stream.AbstractPipeline.copyIntoWithCancel(AbstractPipeline.java:527)
at java.base/java.util.stream.AbstractPipeline.copyInto(AbstractPipeline.java:513)
at java.base/java.util.stream.AbstractPipeline.wrapAndCopyInto(AbstractPipeline.java:499)
at java.base/java.util.stream.FindOps$FindOp.evaluateSequential(FindOps.java:150)
at java.base/java.util.stream.AbstractPipeline.evaluate(AbstractPipeline.java:234)
at java.base/java.util.stream.ReferencePipeline.findFirst(ReferencePipeline.java:647)
at org.openqa.selenium.remote.ProtocolHandshake.createSession(ProtocolHandshake.java:125)
at org.openqa.selenium.remote.ProtocolHandshake.createSession(ProtocolHandshake.java:74)
at org.openqa.selenium.remote.HttpCommandExecutor.execute(HttpCommandExecutor.java:136)
at org.openqa.selenium.remote.service.DriverCommandExecutor.execute(DriverCommandExecutor.java:83)
at org.openqa.selenium.remote.RemoteWebDriver.execute(RemoteWebDriver.java:552)
at org.openqa.selenium.remote.RemoteWebDriver.startSession(RemoteWebDriver.java:213)
at org.openqa.selenium.remote.RemoteWebDriver.<init>(RemoteWebDriver.java:131)
at org.openqa.selenium.edge.EdgeDriver.<init>(EdgeDriver.java:141)
at org.openqa.selenium.edge.EdgeDriver.<init>(EdgeDriver.java:96)
at com.assignment7.TestngParameterFB.before(TestngParameterFB.java:21)
at java.base/jdk.internal.reflect.DirectMethodHandleAccessor.invoke(DirectMethodHandleAccessor.java:104)
at java.base/java.lang.reflect.Method.invoke(Method.java:577)
at org.testng.internal.MethodInvocationHelper.invokeMethod(MethodInvocationHelper.java:133)
at org.testng.internal.MethodInvocationHelper.invokeMethodConsideringTimeout(MethodInvocationHelper.java:62)
at org.testng.internal.ConfigInvoker.invokeConfigurationMethod(ConfigInvoker.java:385)
at org.testng.internal.ConfigInvoker.invokeConfigurations(ConfigInvoker.java:321)
at org.testng.internal.TestMethodWorker.invokeBeforeClassMethods(TestMethodWorker.java:176)
at org.testng.internal.TestMethodWorker.run(TestMethodWorker.java:122)
at java.base/java.util.ArrayList.forEach(ArrayList.java:1511)
at org.testng.TestRunner.privateRun(TestRunner.java:794)
at org.testng.TestRunner.run(TestRunner.java:596)
at org.testng.SuiteRunner.runTest(SuiteRunner.java:377)
at org.testng.SuiteRunner.runSequentially(SuiteRunner.java:371)
at org.testng.SuiteRunner.privateRun(SuiteRunner.java:332)
at org.testng.SuiteRunner.run(SuiteRunner.java:276)
at org.testng.SuiteRunnerWorker.runSuite(SuiteRunnerWorker.java:53)
at org.testng.SuiteRunnerWorker.run(SuiteRunnerWorker.java:96)
at org.testng.TestNG.runSuitesSequentially(TestNG.java:1212)
at org.testng.TestNG.runSuitesLocally(TestNG.java:1134)
at org.testng.TestNG.runSuites(TestNG.java:1063)
at org.testng.TestNG.run(TestNG.java:1031)
at org.testng.remote.AbstractRemoteTestNG.run(AbstractRemoteTestNG.java:115)
at org.testng.remote.RemoteTestNG.initAndRun(RemoteTestNG.java:293)
at org.testng.remote.RemoteTestNG.main(RemoteTestNG.java:91)
]]>
            </full-stacktrace>
          </exception> <!-- org.openqa.selenium.SessionNotCreatedException -->
          <reporter-output>
          </reporter-output>
        </test-method> <!-- before -->
        <test-method signature="login(java.lang.String,java.lang.String)[pri:0, instance:com.assignment7.TestngParameterFB@6150c3ec]" started-at="2024-08-29T15:22:39 IST" name="login" finished-at="2024-08-29T15:22:39 IST" duration-ms="0" status="SKIP">
          <params>
            <param index="0">
              <value>
                <![CDATA[swara@gmail.com]]>
              </value>
            </param>
            <param index="1">
              <value>
                <![CDATA[swara@09]]>
              </value>
            </param>
          </params>
          <exception class="org.openqa.selenium.SessionNotCreatedException">
            <message>
              <![CDATA[session not created: This version of Microsoft Edge WebDriver only supports Microsoft Edge version 126
Current browser version is 128.0.2739.42 with binary path C:\Program Files (x86)\Microsoft\Edge\Application\msedge.exe
Build info: version: '3.141.0', revision: '2ecb7d9a', time: '2018-10-31T20:09:30'
System info: host: 'LAPTOP-425OC920', ip: '192.168.1.85', os.name: 'Windows 10', os.arch: 'amd64', os.version: '10.0', java.version: '18.0.1.1'
Driver info: driver.version: EdgeDriver
remote stacktrace: GetHandleVerifier [0x00007FF740E28132+13538]
Microsoft::Applications::Events::EventProperty::~EventProperty [0x00007FF740DB1DE9+595465]
(No symbol) [0x00007FF740BCE6CF]
(No symbol) [0x00007FF740C03ECB]
(No symbol) [0x00007FF740C03436]
(No symbol) [0x00007FF740BFD8CB]
(No symbol) [0x00007FF740BFA0F3]
(No symbol) [0x00007FF740C3BE27]
(No symbol) [0x00007FF740C31C63]
(No symbol) [0x00007FF740C0766E]
(No symbol) [0x00007FF740C0683C]
(No symbol) [0x00007FF740C07221]
Microsoft::Applications::Events::EventProperty::to_string [0x00007FF740FE96D4+1099860]
Microsoft::Applications::Events::EventProperty::~EventProperty [0x00007FF740D2D8FC+53532]
Microsoft::Applications::Events::EventProperty::~EventProperty [0x00007FF740D20E25+1605]
Microsoft::Applications::Events::EventProperty::to_string [0x00007FF740FE8665+1095653]
Microsoft::Applications::Events::ILogConfiguration::operator* [0x00007FF740DBC961+27777]
Microsoft::Applications::Events::ILogConfiguration::operator* [0x00007FF740DB6CE4+4100]
Microsoft::Applications::Events::ILogConfiguration::operator* [0x00007FF740DB6E1B+4411]
Microsoft::Applications::Events::EventProperty::~EventProperty [0x00007FF740DACFA0+575424]
BaseThreadInitThunk [0x00007FFBA7397374+20]
RtlUserThreadStart [0x00007FFBA88DCC91+33]
]]>
            </message>
            <full-stacktrace>
              <![CDATA[org.openqa.selenium.SessionNotCreatedException: session not created: This version of Microsoft Edge WebDriver only supports Microsoft Edge version 126
Current browser version is 128.0.2739.42 with binary path C:\Program Files (x86)\Microsoft\Edge\Application\msedge.exe
Build info: version: '3.141.0', revision: '2ecb7d9a', time: '2018-10-31T20:09:30'
System info: host: 'LAPTOP-425OC920', ip: '192.168.1.85', os.name: 'Windows 10', os.arch: 'amd64', os.version: '10.0', java.version: '18.0.1.1'
Driver info: driver.version: EdgeDriver
remote stacktrace: GetHandleVerifier [0x00007FF740E28132+13538]
Microsoft::Applications::Events::EventProperty::~EventProperty [0x00007FF740DB1DE9+595465]
(No symbol) [0x00007FF740BCE6CF]
(No symbol) [0x00007FF740C03ECB]
(No symbol) [0x00007FF740C03436]
(No symbol) [0x00007FF740BFD8CB]
(No symbol) [0x00007FF740BFA0F3]
(No symbol) [0x00007FF740C3BE27]
(No symbol) [0x00007FF740C31C63]
(No symbol) [0x00007FF740C0766E]
(No symbol) [0x00007FF740C0683C]
(No symbol) [0x00007FF740C07221]
Microsoft::Applications::Events::EventProperty::to_string [0x00007FF740FE96D4+1099860]
Microsoft::Applications::Events::EventProperty::~EventProperty [0x00007FF740D2D8FC+53532]
Microsoft::Applications::Events::EventProperty::~EventProperty [0x00007FF740D20E25+1605]
Microsoft::Applications::Events::EventProperty::to_string [0x00007FF740FE8665+1095653]
Microsoft::Applications::Events::ILogConfiguration::operator* [0x00007FF740DBC961+27777]
Microsoft::Applications::Events::ILogConfiguration::operator* [0x00007FF740DB6CE4+4100]
Microsoft::Applications::Events::ILogConfiguration::operator* [0x00007FF740DB6E1B+4411]
Microsoft::Applications::Events::EventProperty::~EventProperty [0x00007FF740DACFA0+575424]
BaseThreadInitThunk [0x00007FFBA7397374+20]
RtlUserThreadStart [0x00007FFBA88DCC91+33]

at java.base/jdk.internal.reflect.DirectConstructorHandleAccessor.newInstance(DirectConstructorHandleAccessor.java:67)
at java.base/java.lang.reflect.Constructor.newInstanceWithCaller(Constructor.java:499)
at java.base/java.lang.reflect.Constructor.newInstance(Constructor.java:483)
at org.openqa.selenium.remote.W3CHandshakeResponse.lambda$errorHandler$0(W3CHandshakeResponse.java:62)
at org.openqa.selenium.remote.HandshakeResponse.lambda$getResponseFunction$0(HandshakeResponse.java:30)
at org.openqa.selenium.remote.ProtocolHandshake.lambda$createSession$0(ProtocolHandshake.java:123)
at java.base/java.util.stream.ReferencePipeline$3$1.accept(ReferencePipeline.java:197)
at java.base/java.util.Spliterators$ArraySpliterator.tryAdvance(Spliterators.java:1002)
at java.base/java.util.stream.ReferencePipeline.forEachWithCancel(ReferencePipeline.java:129)
at java.base/java.util.stream.AbstractPipeline.copyIntoWithCancel(AbstractPipeline.java:527)
at java.base/java.util.stream.AbstractPipeline.copyInto(AbstractPipeline.java:513)
at java.base/java.util.stream.AbstractPipeline.wrapAndCopyInto(AbstractPipeline.java:499)
at java.base/java.util.stream.FindOps$FindOp.evaluateSequential(FindOps.java:150)
at java.base/java.util.stream.AbstractPipeline.evaluate(AbstractPipeline.java:234)
at java.base/java.util.stream.ReferencePipeline.findFirst(ReferencePipeline.java:647)
at org.openqa.selenium.remote.ProtocolHandshake.createSession(ProtocolHandshake.java:125)
at org.openqa.selenium.remote.ProtocolHandshake.createSession(ProtocolHandshake.java:74)
at org.openqa.selenium.remote.HttpCommandExecutor.execute(HttpCommandExecutor.java:136)
at org.openqa.selenium.remote.service.DriverCommandExecutor.execute(DriverCommandExecutor.java:83)
at org.openqa.selenium.remote.RemoteWebDriver.execute(RemoteWebDriver.java:552)
at org.openqa.selenium.remote.RemoteWebDriver.startSession(RemoteWebDriver.java:213)
at org.openqa.selenium.remote.RemoteWebDriver.<init>(RemoteWebDriver.java:131)
at org.openqa.selenium.edge.EdgeDriver.<init>(EdgeDriver.java:141)
at org.openqa.selenium.edge.EdgeDriver.<init>(EdgeDriver.java:96)
at com.assignment7.TestngParameterFB.before(TestngParameterFB.java:21)
at java.base/jdk.internal.reflect.DirectMethodHandleAccessor.invoke(DirectMethodHandleAccessor.java:104)
at java.base/java.lang.reflect.Method.invoke(Method.java:577)
at org.testng.internal.MethodInvocationHelper.invokeMethod(MethodInvocationHelper.java:133)
at org.testng.internal.MethodInvocationHelper.invokeMethodConsideringTimeout(MethodInvocationHelper.java:62)
at org.testng.internal.ConfigInvoker.invokeConfigurationMethod(ConfigInvoker.java:385)
at org.testng.internal.ConfigInvoker.invokeConfigurations(ConfigInvoker.java:321)
at org.testng.internal.TestMethodWorker.invokeBeforeClassMethods(TestMethodWorker.java:176)
at org.testng.internal.TestMethodWorker.run(TestMethodWorker.java:122)
at java.base/java.util.ArrayList.forEach(ArrayList.java:1511)
at org.testng.TestRunner.privateRun(TestRunner.java:794)
at org.testng.TestRunner.run(TestRunner.java:596)
at org.testng.SuiteRunner.runTest(SuiteRunner.java:377)
at org.testng.SuiteRunner.runSequentially(SuiteRunner.java:371)
at org.testng.SuiteRunner.privateRun(SuiteRunner.java:332)
at org.testng.SuiteRunner.run(SuiteRunner.java:276)
at org.testng.SuiteRunnerWorker.runSuite(SuiteRunnerWorker.java:53)
at org.testng.SuiteRunnerWorker.run(SuiteRunnerWorker.java:96)
at org.testng.TestNG.runSuitesSequentially(TestNG.java:1212)
at org.testng.TestNG.runSuitesLocally(TestNG.java:1134)
at org.testng.TestNG.runSuites(TestNG.java:1063)
at org.testng.TestNG.run(TestNG.java:1031)
at org.testng.remote.AbstractRemoteTestNG.run(AbstractRemoteTestNG.java:115)
at org.testng.remote.RemoteTestNG.initAndRun(RemoteTestNG.java:293)
at org.testng.remote.RemoteTestNG.main(RemoteTestNG.java:91)
]]>
            </full-stacktrace>
          </exception> <!-- org.openqa.selenium.SessionNotCreatedException -->
          <reporter-output>
          </reporter-output>
        </test-method> <!-- login -->
      </class> <!-- com.assignment7.TestngParameterFB -->
    </test> <!-- Test1 -->
    <test started-at="2024-08-29T15:22:40 IST" name="Test2" finished-at="2024-08-29T15:22:47 IST" duration-ms="7276">
      <class name="com.assignment7.TestngParameterFB">
        <test-method is-config="true" signature="before()[pri:0, instance:com.assignment7.TestngParameterFB@2aceadd4]" started-at="2024-08-29T15:22:40 IST" name="before" finished-at="2024-08-29T15:22:47 IST" duration-ms="7258" status="FAIL">
          <exception class="org.openqa.selenium.SessionNotCreatedException">
            <message>
              <![CDATA[session not created: This version of Microsoft Edge WebDriver only supports Microsoft Edge version 126
Current browser version is 128.0.2739.42 with binary path C:\Program Files (x86)\Microsoft\Edge\Application\msedge.exe
Build info: version: '3.141.0', revision: '2ecb7d9a', time: '2018-10-31T20:09:30'
System info: host: 'LAPTOP-425OC920', ip: '192.168.1.85', os.name: 'Windows 10', os.arch: 'amd64', os.version: '10.0', java.version: '18.0.1.1'
Driver info: driver.version: EdgeDriver
remote stacktrace: GetHandleVerifier [0x00007FF740E28132+13538]
Microsoft::Applications::Events::EventProperty::~EventProperty [0x00007FF740DB1DE9+595465]
(No symbol) [0x00007FF740BCE6CF]
(No symbol) [0x00007FF740C03ECB]
(No symbol) [0x00007FF740C03436]
(No symbol) [0x00007FF740BFD8CB]
(No symbol) [0x00007FF740BFA0F3]
(No symbol) [0x00007FF740C3BE27]
(No symbol) [0x00007FF740C31C63]
(No symbol) [0x00007FF740C0766E]
(No symbol) [0x00007FF740C0683C]
(No symbol) [0x00007FF740C07221]
Microsoft::Applications::Events::EventProperty::to_string [0x00007FF740FE96D4+1099860]
Microsoft::Applications::Events::EventProperty::~EventProperty [0x00007FF740D2D8FC+53532]
Microsoft::Applications::Events::EventProperty::~EventProperty [0x00007FF740D20E25+1605]
Microsoft::Applications::Events::EventProperty::to_string [0x00007FF740FE8665+1095653]
Microsoft::Applications::Events::ILogConfiguration::operator* [0x00007FF740DBC961+27777]
Microsoft::Applications::Events::ILogConfiguration::operator* [0x00007FF740DB6CE4+4100]
Microsoft::Applications::Events::ILogConfiguration::operator* [0x00007FF740DB6E1B+4411]
Microsoft::Applications::Events::EventProperty::~EventProperty [0x00007FF740DACFA0+575424]
BaseThreadInitThunk [0x00007FFBA7397374+20]
RtlUserThreadStart [0x00007FFBA88DCC91+33]
]]>
            </message>
            <full-stacktrace>
              <![CDATA[org.openqa.selenium.SessionNotCreatedException: session not created: This version of Microsoft Edge WebDriver only supports Microsoft Edge version 126
Current browser version is 128.0.2739.42 with binary path C:\Program Files (x86)\Microsoft\Edge\Application\msedge.exe
Build info: version: '3.141.0', revision: '2ecb7d9a', time: '2018-10-31T20:09:30'
System info: host: 'LAPTOP-425OC920', ip: '192.168.1.85', os.name: 'Windows 10', os.arch: 'amd64', os.version: '10.0', java.version: '18.0.1.1'
Driver info: driver.version: EdgeDriver
remote stacktrace: GetHandleVerifier [0x00007FF740E28132+13538]
Microsoft::Applications::Events::EventProperty::~EventProperty [0x00007FF740DB1DE9+595465]
(No symbol) [0x00007FF740BCE6CF]
(No symbol) [0x00007FF740C03ECB]
(No symbol) [0x00007FF740C03436]
(No symbol) [0x00007FF740BFD8CB]
(No symbol) [0x00007FF740BFA0F3]
(No symbol) [0x00007FF740C3BE27]
(No symbol) [0x00007FF740C31C63]
(No symbol) [0x00007FF740C0766E]
(No symbol) [0x00007FF740C0683C]
(No symbol) [0x00007FF740C07221]
Microsoft::Applications::Events::EventProperty::to_string [0x00007FF740FE96D4+1099860]
Microsoft::Applications::Events::EventProperty::~EventProperty [0x00007FF740D2D8FC+53532]
Microsoft::Applications::Events::EventProperty::~EventProperty [0x00007FF740D20E25+1605]
Microsoft::Applications::Events::EventProperty::to_string [0x00007FF740FE8665+1095653]
Microsoft::Applications::Events::ILogConfiguration::operator* [0x00007FF740DBC961+27777]
Microsoft::Applications::Events::ILogConfiguration::operator* [0x00007FF740DB6CE4+4100]
Microsoft::Applications::Events::ILogConfiguration::operator* [0x00007FF740DB6E1B+4411]
Microsoft::Applications::Events::EventProperty::~EventProperty [0x00007FF740DACFA0+575424]
BaseThreadInitThunk [0x00007FFBA7397374+20]
RtlUserThreadStart [0x00007FFBA88DCC91+33]

at java.base/jdk.internal.reflect.DirectConstructorHandleAccessor.newInstance(DirectConstructorHandleAccessor.java:67)
at java.base/java.lang.reflect.Constructor.newInstanceWithCaller(Constructor.java:499)
at java.base/java.lang.reflect.Constructor.newInstance(Constructor.java:483)
at org.openqa.selenium.remote.W3CHandshakeResponse.lambda$errorHandler$0(W3CHandshakeResponse.java:62)
at org.openqa.selenium.remote.HandshakeResponse.lambda$getResponseFunction$0(HandshakeResponse.java:30)
at org.openqa.selenium.remote.ProtocolHandshake.lambda$createSession$0(ProtocolHandshake.java:123)
at java.base/java.util.stream.ReferencePipeline$3$1.accept(ReferencePipeline.java:197)
at java.base/java.util.Spliterators$ArraySpliterator.tryAdvance(Spliterators.java:1002)
at java.base/java.util.stream.ReferencePipeline.forEachWithCancel(ReferencePipeline.java:129)
at java.base/java.util.stream.AbstractPipeline.copyIntoWithCancel(AbstractPipeline.java:527)
at java.base/java.util.stream.AbstractPipeline.copyInto(AbstractPipeline.java:513)
at java.base/java.util.stream.AbstractPipeline.wrapAndCopyInto(AbstractPipeline.java:499)
at java.base/java.util.stream.FindOps$FindOp.evaluateSequential(FindOps.java:150)
at java.base/java.util.stream.AbstractPipeline.evaluate(AbstractPipeline.java:234)
at java.base/java.util.stream.ReferencePipeline.findFirst(ReferencePipeline.java:647)
at org.openqa.selenium.remote.ProtocolHandshake.createSession(ProtocolHandshake.java:125)
at org.openqa.selenium.remote.ProtocolHandshake.createSession(ProtocolHandshake.java:74)
at org.openqa.selenium.remote.HttpCommandExecutor.execute(HttpCommandExecutor.java:136)
at org.openqa.selenium.remote.service.DriverCommandExecutor.execute(DriverCommandExecutor.java:83)
at org.openqa.selenium.remote.RemoteWebDriver.execute(RemoteWebDriver.java:552)
at org.openqa.selenium.remote.RemoteWebDriver.startSession(RemoteWebDriver.java:213)
at org.openqa.selenium.remote.RemoteWebDriver.<init>(RemoteWebDriver.java:131)
at org.openqa.selenium.edge.EdgeDriver.<init>(EdgeDriver.java:141)
at org.openqa.selenium.edge.EdgeDriver.<init>(EdgeDriver.java:96)
at com.assignment7.TestngParameterFB.before(TestngParameterFB.java:21)
at java.base/jdk.internal.reflect.DirectMethodHandleAccessor.invoke(DirectMethodHandleAccessor.java:104)
at java.base/java.lang.reflect.Method.invoke(Method.java:577)
at org.testng.internal.MethodInvocationHelper.invokeMethod(MethodInvocationHelper.java:133)
at org.testng.internal.MethodInvocationHelper.invokeMethodConsideringTimeout(MethodInvocationHelper.java:62)
at org.testng.internal.ConfigInvoker.invokeConfigurationMethod(ConfigInvoker.java:385)
at org.testng.internal.ConfigInvoker.invokeConfigurations(ConfigInvoker.java:321)
at org.testng.internal.TestMethodWorker.invokeBeforeClassMethods(TestMethodWorker.java:176)
at org.testng.internal.TestMethodWorker.run(TestMethodWorker.java:122)
at java.base/java.util.ArrayList.forEach(ArrayList.java:1511)
at org.testng.TestRunner.privateRun(TestRunner.java:794)
at org.testng.TestRunner.run(TestRunner.java:596)
at org.testng.SuiteRunner.runTest(SuiteRunner.java:377)
at org.testng.SuiteRunner.runSequentially(SuiteRunner.java:371)
at org.testng.SuiteRunner.privateRun(SuiteRunner.java:332)
at org.testng.SuiteRunner.run(SuiteRunner.java:276)
at org.testng.SuiteRunnerWorker.runSuite(SuiteRunnerWorker.java:53)
at org.testng.SuiteRunnerWorker.run(SuiteRunnerWorker.java:96)
at org.testng.TestNG.runSuitesSequentially(TestNG.java:1212)
at org.testng.TestNG.runSuitesLocally(TestNG.java:1134)
at org.testng.TestNG.runSuites(TestNG.java:1063)
at org.testng.TestNG.run(TestNG.java:1031)
at org.testng.remote.AbstractRemoteTestNG.run(AbstractRemoteTestNG.java:115)
at org.testng.remote.RemoteTestNG.initAndRun(RemoteTestNG.java:293)
at org.testng.remote.RemoteTestNG.main(RemoteTestNG.java:91)
]]>
            </full-stacktrace>
          </exception> <!-- org.openqa.selenium.SessionNotCreatedException -->
          <reporter-output>
          </reporter-output>
        </test-method> <!-- before -->
        <test-method signature="login(java.lang.String,java.lang.String)[pri:0, instance:com.assignment7.TestngParameterFB@2aceadd4]" started-at="2024-08-29T15:22:47 IST" name="login" finished-at="2024-08-29T15:22:47 IST" duration-ms="0" status="SKIP">
          <params>
            <param index="0">
              <value>
                <![CDATA[utsav@gmail.com]]>
              </value>
            </param>
            <param index="1">
              <value>
                <![CDATA[utsav@19]]>
              </value>
            </param>
          </params>
          <exception class="org.openqa.selenium.SessionNotCreatedException">
            <message>
              <![CDATA[session not created: This version of Microsoft Edge WebDriver only supports Microsoft Edge version 126
Current browser version is 128.0.2739.42 with binary path C:\Program Files (x86)\Microsoft\Edge\Application\msedge.exe
Build info: version: '3.141.0', revision: '2ecb7d9a', time: '2018-10-31T20:09:30'
System info: host: 'LAPTOP-425OC920', ip: '192.168.1.85', os.name: 'Windows 10', os.arch: 'amd64', os.version: '10.0', java.version: '18.0.1.1'
Driver info: driver.version: EdgeDriver
remote stacktrace: GetHandleVerifier [0x00007FF740E28132+13538]
Microsoft::Applications::Events::EventProperty::~EventProperty [0x00007FF740DB1DE9+595465]
(No symbol) [0x00007FF740BCE6CF]
(No symbol) [0x00007FF740C03ECB]
(No symbol) [0x00007FF740C03436]
(No symbol) [0x00007FF740BFD8CB]
(No symbol) [0x00007FF740BFA0F3]
(No symbol) [0x00007FF740C3BE27]
(No symbol) [0x00007FF740C31C63]
(No symbol) [0x00007FF740C0766E]
(No symbol) [0x00007FF740C0683C]
(No symbol) [0x00007FF740C07221]
Microsoft::Applications::Events::EventProperty::to_string [0x00007FF740FE96D4+1099860]
Microsoft::Applications::Events::EventProperty::~EventProperty [0x00007FF740D2D8FC+53532]
Microsoft::Applications::Events::EventProperty::~EventProperty [0x00007FF740D20E25+1605]
Microsoft::Applications::Events::EventProperty::to_string [0x00007FF740FE8665+1095653]
Microsoft::Applications::Events::ILogConfiguration::operator* [0x00007FF740DBC961+27777]
Microsoft::Applications::Events::ILogConfiguration::operator* [0x00007FF740DB6CE4+4100]
Microsoft::Applications::Events::ILogConfiguration::operator* [0x00007FF740DB6E1B+4411]
Microsoft::Applications::Events::EventProperty::~EventProperty [0x00007FF740DACFA0+575424]
BaseThreadInitThunk [0x00007FFBA7397374+20]
RtlUserThreadStart [0x00007FFBA88DCC91+33]
]]>
            </message>
            <full-stacktrace>
              <![CDATA[org.openqa.selenium.SessionNotCreatedException: session not created: This version of Microsoft Edge WebDriver only supports Microsoft Edge version 126
Current browser version is 128.0.2739.42 with binary path C:\Program Files (x86)\Microsoft\Edge\Application\msedge.exe
Build info: version: '3.141.0', revision: '2ecb7d9a', time: '2018-10-31T20:09:30'
System info: host: 'LAPTOP-425OC920', ip: '192.168.1.85', os.name: 'Windows 10', os.arch: 'amd64', os.version: '10.0', java.version: '18.0.1.1'
Driver info: driver.version: EdgeDriver
remote stacktrace: GetHandleVerifier [0x00007FF740E28132+13538]
Microsoft::Applications::Events::EventProperty::~EventProperty [0x00007FF740DB1DE9+595465]
(No symbol) [0x00007FF740BCE6CF]
(No symbol) [0x00007FF740C03ECB]
(No symbol) [0x00007FF740C03436]
(No symbol) [0x00007FF740BFD8CB]
(No symbol) [0x00007FF740BFA0F3]
(No symbol) [0x00007FF740C3BE27]
(No symbol) [0x00007FF740C31C63]
(No symbol) [0x00007FF740C0766E]
(No symbol) [0x00007FF740C0683C]
(No symbol) [0x00007FF740C07221]
Microsoft::Applications::Events::EventProperty::to_string [0x00007FF740FE96D4+1099860]
Microsoft::Applications::Events::EventProperty::~EventProperty [0x00007FF740D2D8FC+53532]
Microsoft::Applications::Events::EventProperty::~EventProperty [0x00007FF740D20E25+1605]
Microsoft::Applications::Events::EventProperty::to_string [0x00007FF740FE8665+1095653]
Microsoft::Applications::Events::ILogConfiguration::operator* [0x00007FF740DBC961+27777]
Microsoft::Applications::Events::ILogConfiguration::operator* [0x00007FF740DB6CE4+4100]
Microsoft::Applications::Events::ILogConfiguration::operator* [0x00007FF740DB6E1B+4411]
Microsoft::Applications::Events::EventProperty::~EventProperty [0x00007FF740DACFA0+575424]
BaseThreadInitThunk [0x00007FFBA7397374+20]
RtlUserThreadStart [0x00007FFBA88DCC91+33]

at java.base/jdk.internal.reflect.DirectConstructorHandleAccessor.newInstance(DirectConstructorHandleAccessor.java:67)
at java.base/java.lang.reflect.Constructor.newInstanceWithCaller(Constructor.java:499)
at java.base/java.lang.reflect.Constructor.newInstance(Constructor.java:483)
at org.openqa.selenium.remote.W3CHandshakeResponse.lambda$errorHandler$0(W3CHandshakeResponse.java:62)
at org.openqa.selenium.remote.HandshakeResponse.lambda$getResponseFunction$0(HandshakeResponse.java:30)
at org.openqa.selenium.remote.ProtocolHandshake.lambda$createSession$0(ProtocolHandshake.java:123)
at java.base/java.util.stream.ReferencePipeline$3$1.accept(ReferencePipeline.java:197)
at java.base/java.util.Spliterators$ArraySpliterator.tryAdvance(Spliterators.java:1002)
at java.base/java.util.stream.ReferencePipeline.forEachWithCancel(ReferencePipeline.java:129)
at java.base/java.util.stream.AbstractPipeline.copyIntoWithCancel(AbstractPipeline.java:527)
at java.base/java.util.stream.AbstractPipeline.copyInto(AbstractPipeline.java:513)
at java.base/java.util.stream.AbstractPipeline.wrapAndCopyInto(AbstractPipeline.java:499)
at java.base/java.util.stream.FindOps$FindOp.evaluateSequential(FindOps.java:150)
at java.base/java.util.stream.AbstractPipeline.evaluate(AbstractPipeline.java:234)
at java.base/java.util.stream.ReferencePipeline.findFirst(ReferencePipeline.java:647)
at org.openqa.selenium.remote.ProtocolHandshake.createSession(ProtocolHandshake.java:125)
at org.openqa.selenium.remote.ProtocolHandshake.createSession(ProtocolHandshake.java:74)
at org.openqa.selenium.remote.HttpCommandExecutor.execute(HttpCommandExecutor.java:136)
at org.openqa.selenium.remote.service.DriverCommandExecutor.execute(DriverCommandExecutor.java:83)
at org.openqa.selenium.remote.RemoteWebDriver.execute(RemoteWebDriver.java:552)
at org.openqa.selenium.remote.RemoteWebDriver.startSession(RemoteWebDriver.java:213)
at org.openqa.selenium.remote.RemoteWebDriver.<init>(RemoteWebDriver.java:131)
at org.openqa.selenium.edge.EdgeDriver.<init>(EdgeDriver.java:141)
at org.openqa.selenium.edge.EdgeDriver.<init>(EdgeDriver.java:96)
at com.assignment7.TestngParameterFB.before(TestngParameterFB.java:21)
at java.base/jdk.internal.reflect.DirectMethodHandleAccessor.invoke(DirectMethodHandleAccessor.java:104)
at java.base/java.lang.reflect.Method.invoke(Method.java:577)
at org.testng.internal.MethodInvocationHelper.invokeMethod(MethodInvocationHelper.java:133)
at org.testng.internal.MethodInvocationHelper.invokeMethodConsideringTimeout(MethodInvocationHelper.java:62)
at org.testng.internal.ConfigInvoker.invokeConfigurationMethod(ConfigInvoker.java:385)
at org.testng.internal.ConfigInvoker.invokeConfigurations(ConfigInvoker.java:321)
at org.testng.internal.TestMethodWorker.invokeBeforeClassMethods(TestMethodWorker.java:176)
at org.testng.internal.TestMethodWorker.run(TestMethodWorker.java:122)
at java.base/java.util.ArrayList.forEach(ArrayList.java:1511)
at org.testng.TestRunner.privateRun(TestRunner.java:794)
at org.testng.TestRunner.run(TestRunner.java:596)
at org.testng.SuiteRunner.runTest(SuiteRunner.java:377)
at org.testng.SuiteRunner.runSequentially(SuiteRunner.java:371)
at org.testng.SuiteRunner.privateRun(SuiteRunner.java:332)
at org.testng.SuiteRunner.run(SuiteRunner.java:276)
at org.testng.SuiteRunnerWorker.runSuite(SuiteRunnerWorker.java:53)
at org.testng.SuiteRunnerWorker.run(SuiteRunnerWorker.java:96)
at org.testng.TestNG.runSuitesSequentially(TestNG.java:1212)
at org.testng.TestNG.runSuitesLocally(TestNG.java:1134)
at org.testng.TestNG.runSuites(TestNG.java:1063)
at org.testng.TestNG.run(TestNG.java:1031)
at org.testng.remote.AbstractRemoteTestNG.run(AbstractRemoteTestNG.java:115)
at org.testng.remote.RemoteTestNG.initAndRun(RemoteTestNG.java:293)
at org.testng.remote.RemoteTestNG.main(RemoteTestNG.java:91)
]]>
            </full-stacktrace>
          </exception> <!-- org.openqa.selenium.SessionNotCreatedException -->
          <reporter-output>
          </reporter-output>
        </test-method> <!-- login -->
      </class> <!-- com.assignment7.TestngParameterFB -->
    </test> <!-- Test2 -->
  </suite> <!-- Suite -->
</testng-results>
